<?xml version="1.0" encoding="UTF-8"?>
<testng-results ignored="0" total="1" passed="1" failed="0" skipped="0">
  <reporter-output>
  </reporter-output>
  <suite started-at="2026-02-12T07:53:40 UTC" name="Default suite" finished-at="2026-02-12T07:54:14 UTC" duration-ms="34459">
    <groups>
      <group name="cucumber">
        <method signature="AbstractTestNGCucumberTests.runScenario(io.cucumber.testng.PickleWrapper,io.cucumber.testng.FeatureWrapper)[pri:0, instance:testrunner.testrunner@24313fcc]" name="runScenario" class="io.cucumber.testng.AbstractTestNGCucumberTests"/>
      </group> <!-- cucumber -->
    </groups>
    <test started-at="2026-02-12T07:53:40 UTC" name="Default test" finished-at="2026-02-12T07:54:14 UTC" duration-ms="34459">
      <class name="testrunner.testrunner">
        <test-method is-config="true" signature="setUpClass(org.testng.ITestContext)[pri:0, instance:testrunner.testrunner@24313fcc]" started-at="2026-02-12T07:53:40 UTC" name="setUpClass" finished-at="2026-02-12T07:53:40 UTC" duration-ms="377" status="PASS">
          <params>
            <param index="0">
              <value>
                <![CDATA[org.testng.TestRunner@17207f5b]]>
              </value>
            </param>
          </params>
          <reporter-output>
          </reporter-output>
        </test-method> <!-- setUpClass -->
        <test-method signature="runScenario(io.cucumber.testng.PickleWrapper,io.cucumber.testng.FeatureWrapper)[pri:0, instance:testrunner.testrunner@24313fcc]" started-at="2026-02-12T07:53:40 UTC" name="runScenario" description="Runs Cucumber Scenarios" data-provider="scenarios" finished-at="2026-02-12T07:54:14 UTC" duration-ms="34002" status="PASS">
          <params>
            <param index="0">
              <value>
                <![CDATA["select language in the home page"]]>
              </value>
            </param>
            <param index="1">
              <value>
                <![CDATA["Amazon home page"]]>
              </value>
            </param>
          </params>
          <reporter-output>
          </reporter-output>
        </test-method> <!-- runScenario -->
        <test-method is-config="true" signature="tearDownClass()[pri:0, instance:testrunner.testrunner@24313fcc]" started-at="2026-02-12T07:54:14 UTC" name="tearDownClass" finished-at="2026-02-12T07:54:14 UTC" duration-ms="49" status="PASS">
          <reporter-output>
          </reporter-output>
        </test-method> <!-- tearDownClass -->
      </class> <!-- testrunner.testrunner -->
    </test> <!-- Default test -->
  </suite> <!-- Default suite -->
</testng-results>
