<?xml version="1.0" encoding="UTF-8"?>
<testng-results ignored="0" total="1" passed="1" failed="0" skipped="0">
  <reporter-output>
  </reporter-output>
  <suite started-at="2026-02-11T07:30:44 UTC" name="Default suite" finished-at="2026-02-11T07:30:46 UTC" duration-ms="2013">
    <groups>
    </groups>
    <test started-at="2026-02-11T07:30:44 UTC" name="Default test" finished-at="2026-02-11T07:30:46 UTC" duration-ms="2013">
      <class name="basicprogram.auth_sam">
        <test-method signature="diff_auth_method()[pri:0, instance:basicprogram.auth_sam@7f0eb4b4]" started-at="2026-02-11T07:30:44 UTC" name="diff_auth_method" finished-at="2026-02-11T07:30:46 UTC" duration-ms="1976" status="PASS">
          <reporter-output>
          </reporter-output>
        </test-method> <!-- diff_auth_method -->
      </class> <!-- basicprogram.auth_sam -->
    </test> <!-- Default test -->
  </suite> <!-- Default suite -->
</testng-results>
