<?xml version="1.0" encoding="UTF-8"?>
<!-- Generated by org.testng.reporters.JUnitReportReporter -->
<testsuite hostname="ip-172-31-41-21" failures="0" tests="1" name="testrunner.testrunaddtocart" time="12.463" errors="1" timestamp="2026-02-11T11:39:28 UTC" skipped="0">
  <testcase classname="testrunner.testrunaddtocart" name="runScenario" time="12.463">
    <error message="Index 1 out of bounds for length 1" type="java.lang.IndexOutOfBoundsException">
      <![CDATA[java.lang.IndexOutOfBoundsException: Index 1 out of bounds for length 1
at java.base/jdk.internal.util.Preconditions.outOfBounds(Preconditions.java:100)
at java.base/jdk.internal.util.Preconditions.outOfBoundsCheckIndex(Preconditions.java:106)
at java.base/jdk.internal.util.Preconditions.checkIndex(Preconditions.java:302)
at java.base/java.util.Objects.checkIndex(Objects.java:385)
at java.base/java.util.ArrayList.get(ArrayList.java:427)
at stepdefinations.addtocart.the_user_adds_the_first_two_laptops_to_the_cart_one_by_one(addtocart.java:43)
at âœ½.the user adds the first two laptops to the cart one by one(file:///home/labuser/git/repository/capstonproject/src/test/resources/feature/addtocart.feature:5)
]]>
    </error>
  </testcase> <!-- runScenario -->
</testsuite> <!-- testrunner.testrunaddtocart -->
